<?xml version="1.0" encoding="UTF-8"?>
<!-- Generated by org.testng.reporters.JUnitReportReporter -->
<testsuite skipped="0" hostname="LAPTOP-8P0SMJ2T" name="com.qa.hubspot.tests.HomePageTest" tests="3" failures="0" timestamp="2020-03-16T12:57:46 IST" time="1.244" errors="0">
  <testcase name="verifyHomePageTitleTest" time="0.015" classname="com.qa.hubspot.tests.HomePageTest"/>
  <testcase name="verifyHomePageHeaderTest" time="0.635" classname="com.qa.hubspot.tests.HomePageTest"/>
  <testcase name="verifyLoggedInUserAccountName" time="0.594" classname="com.qa.hubspot.tests.HomePageTest"/>
</testsuite> <!-- com.qa.hubspot.tests.HomePageTest -->
