<?xml version="1.0" encoding="UTF-8"?>
<!-- Generated by org.testng.reporters.JUnitReportReporter -->
<testsuite skipped="1" hostname="LAPTOP-8P0SMJ2T" name="com.qa.hubspot.tests.LoginPageTest" tests="4" failures="0" timestamp="2020-03-18T16:21:39 IST" time="53.676" errors="0">
  <testcase name="verifyLoginPageTitleTest" time="15.714" classname="com.qa.hubspot.tests.LoginPageTest"/>
  <testcase name="verifySignUpLinkTest" time="16.247" classname="com.qa.hubspot.tests.LoginPageTest"/>
  <testcase name="doLoginTest" time="21.715" classname="com.qa.hubspot.tests.LoginPageTest"/>
  <testcase name="login_InvalidTestCases" classname="com.qa.hubspot.tests.LoginPageTest">
    <skipped/>
  </testcase> <!-- login_InvalidTestCases -->
</testsuite> <!-- com.qa.hubspot.tests.LoginPageTest -->
