<?xml version="1.0" encoding="UTF-8"?>
<!-- Generated by org.testng.reporters.JUnitReportReporter -->
<testsuite skipped="0" hostname="LAPTOP-8P0SMJ2T" name="com.qa.hubspot.tests.HomePageTest" tests="3" failures="0" timestamp="2020-03-18T16:21:39 IST" time="1.311" errors="0">
  <testcase name="verifyHomePageTitleTest" time="0.026" classname="com.qa.hubspot.tests.HomePageTest"/>
  <testcase name="verifyHomePageHeaderTest" time="0.651" classname="com.qa.hubspot.tests.HomePageTest"/>
  <testcase name="verifyLoggedInUserAccountName" time="0.634" classname="com.qa.hubspot.tests.HomePageTest"/>
</testsuite> <!-- com.qa.hubspot.tests.HomePageTest -->
