<?xml version="1.0" encoding="UTF-8"?>
<!-- Generated by org.testng.reporters.JUnitReportReporter -->
<testsuite skipped="2" hostname="LAPTOP-8P0SMJ2T" name="com.qa.hubspot.tests.LoginPageTest" tests="5" failures="0" timestamp="2020-03-16T20:51:03 IST" time="69.202" errors="0">
  <testcase name="verifyLoginPageTitleTest" time="19.592" classname="com.qa.hubspot.tests.LoginPageTest"/>
  <testcase name="verifySignUpLinkTest" time="20.947" classname="com.qa.hubspot.tests.LoginPageTest"/>
  <testcase name="doLoginTest" time="28.663" classname="com.qa.hubspot.tests.LoginPageTest"/>
  <testcase name="login_InvalidTestCases" classname="com.qa.hubspot.tests.LoginPageTest">
    <skipped/>
  </testcase> <!-- login_InvalidTestCases -->
  <testcase name="login_InvalidTestCases" classname="com.qa.hubspot.tests.LoginPageTest">
    <skipped/>
  </testcase> <!-- login_InvalidTestCases -->
</testsuite> <!-- com.qa.hubspot.tests.LoginPageTest -->
