<?xml version="1.0" encoding="UTF-8"?>
<!-- Generated by org.testng.reporters.JUnitReportReporter -->
<testsuite skipped="0" hostname="LAPTOP-8P0SMJ2T" name="com.qa.hubspot.tests.HomePageTest" tests="1" failures="0" timestamp="2020-03-18T13:53:38 IST" time="2.687" errors="0">
  <testcase name="verifyHomePageTitleTest" time="2.687" classname="com.qa.hubspot.tests.HomePageTest"/>
</testsuite> <!-- com.qa.hubspot.tests.HomePageTest -->
