<?xml version="1.0" encoding="UTF-8"?>
<!-- Generated by org.testng.reporters.JUnitReportReporter -->
<testsuite skipped="1" hostname="LAPTOP-8P0SMJ2T" name="com.qa.hubspot.tests.LoginPageTest" tests="4" failures="0" timestamp="14 Mar 2020 07:40:41 GMT" time="12.245" errors="0">
  <testcase name="verifyLoginPageTitleTest" time="4.069" classname="com.qa.hubspot.tests.LoginPageTest"/>
  <testcase name="verifySignUpLinkTest" time="1.342" classname="com.qa.hubspot.tests.LoginPageTest"/>
  <testcase name="doLoginTest" time="6.834" classname="com.qa.hubspot.tests.LoginPageTest"/>
  <testcase name="login_InvalidTestCases" classname="com.qa.hubspot.tests.LoginPageTest">
    <skipped/>
  </testcase> <!-- login_InvalidTestCases -->
</testsuite> <!-- com.qa.hubspot.tests.LoginPageTest -->
